<?xml version="1.0" encoding="UTF-8"?>
<!-- Generated by org.testng.reporters.JUnitReportReporter -->
<testsuite hostname="Shivans-Air" failures="0" tests="1" name="test.LoginTest" time="5.186" errors="0" timestamp="2023-05-01T17:59:18 MDT" skipped="0">
  <testcase classname="test.LoginTest" name="validUserShouldBeAbletologin" time="5.186"/>
  <system-out/>
</testsuite> <!-- test.LoginTest -->
